[WARN] [2016-05-06 10:22:36][org.apache.maven.cli.logging.impl.UnsupportedSlf4jBindingConfiguration]The SLF4J binding actually used is not supported by Maven: org.slf4j.impl.Log4jLoggerFactory
[WARN] [2016-05-06 10:22:36][org.apache.maven.cli.logging.impl.UnsupportedSlf4jBindingConfiguration]Maven supported bindings are:
[WARN] [2016-05-06 10:22:36][org.apache.maven.cli.logging.impl.UnsupportedSlf4jBindingConfiguration](from jar:file:/D:/apache-maven-3.3.9/lib/maven-embedder-3.3.9.jar!/META-INF/maven/slf4j-configuration.properties)
- ch.qos.logback.classic.LoggerContext
- org.slf4j.helpers.Log4jLoggerFactory
- org.slf4j.impl.SimpleLoggerFactory
[INFO] [2016-05-06 10:22:37][org.apache.maven.cli.event.ExecutionEventLogger]Scanning for projects...
[WARN] [2016-05-06 10:22:37][org.apache.maven.graph.DefaultGraphBuilder]
[WARN] [2016-05-06 10:22:37][org.apache.maven.graph.DefaultGraphBuilder]Some problems were encountered while building the effective model for com.lz.log4j:testLog4j:war:1
[WARN] [2016-05-06 10:22:37][org.apache.maven.graph.DefaultGraphBuilder]'build.plugins.plugin.version' for org.apache.maven.plugins:maven-war-plugin is missing. @ line 30, column 12
[WARN] [2016-05-06 10:22:37][org.apache.maven.graph.DefaultGraphBuilder]
[WARN] [2016-05-06 10:22:37][org.apache.maven.graph.DefaultGraphBuilder]It is highly recommended to fix these problems because they threaten the stability of your build.
[WARN] [2016-05-06 10:22:37][org.apache.maven.graph.DefaultGraphBuilder]
[WARN] [2016-05-06 10:22:37][org.apache.maven.graph.DefaultGraphBuilder]For this reason, future Maven versions might no longer support building such malformed projects.
[WARN] [2016-05-06 10:22:37][org.apache.maven.graph.DefaultGraphBuilder]
[INFO] [2016-05-06 10:22:38][org.apache.maven.cli.event.ExecutionEventLogger]                                                                        
[INFO] [2016-05-06 10:22:38][org.apache.maven.cli.event.ExecutionEventLogger]------------------------------------------------------------------------
[INFO] [2016-05-06 10:22:38][org.apache.maven.cli.event.ExecutionEventLogger]Building TestLog4J 1
[INFO] [2016-05-06 10:22:38][org.apache.maven.cli.event.ExecutionEventLogger]------------------------------------------------------------------------
[INFO] [2016-05-06 10:22:38][org.apache.maven.cli.event.ExecutionEventLogger]
[INFO] [2016-05-06 10:22:38][org.apache.maven.cli.event.ExecutionEventLogger]--- maven-clean-plugin:2.5:clean (default-clean) @ testLog4j ---
[INFO] [2016-05-06 10:22:38][org.apache.maven.plugin.clean.CleanMojo]Deleting D:\TestSpace\testLog4j\target
[INFO] [2016-05-06 10:22:38][org.apache.maven.cli.event.ExecutionEventLogger]------------------------------------------------------------------------
[INFO] [2016-05-06 10:22:38][org.apache.maven.cli.event.ExecutionEventLogger]BUILD SUCCESS
[INFO] [2016-05-06 10:22:38][org.apache.maven.cli.event.ExecutionEventLogger]------------------------------------------------------------------------
[INFO] [2016-05-06 10:22:38][org.apache.maven.cli.event.ExecutionEventLogger]Total time: 0.378 s
[INFO] [2016-05-06 10:22:38][org.apache.maven.cli.event.ExecutionEventLogger]Finished at: 2016-05-06T10:22:38+08:00
[INFO] [2016-05-06 10:22:38][org.apache.maven.cli.event.ExecutionEventLogger]Final Memory: 6M/245M
[INFO] [2016-05-06 10:22:38][org.apache.maven.cli.event.ExecutionEventLogger]------------------------------------------------------------------------
[WARN] [2016-05-06 10:22:43][org.apache.maven.cli.logging.impl.UnsupportedSlf4jBindingConfiguration]The SLF4J binding actually used is not supported by Maven: org.slf4j.impl.Log4jLoggerFactory
[WARN] [2016-05-06 10:22:43][org.apache.maven.cli.logging.impl.UnsupportedSlf4jBindingConfiguration]Maven supported bindings are:
[WARN] [2016-05-06 10:22:43][org.apache.maven.cli.logging.impl.UnsupportedSlf4jBindingConfiguration](from jar:file:/D:/apache-maven-3.3.9/lib/maven-embedder-3.3.9.jar!/META-INF/maven/slf4j-configuration.properties)
- ch.qos.logback.classic.LoggerContext
- org.slf4j.helpers.Log4jLoggerFactory
- org.slf4j.impl.SimpleLoggerFactory
[INFO] [2016-05-06 10:22:45][org.apache.maven.cli.event.ExecutionEventLogger]Scanning for projects...
[WARN] [2016-05-06 10:22:45][org.apache.maven.graph.DefaultGraphBuilder]
[WARN] [2016-05-06 10:22:45][org.apache.maven.graph.DefaultGraphBuilder]Some problems were encountered while building the effective model for com.lz.log4j:testLog4j:war:1
[WARN] [2016-05-06 10:22:45][org.apache.maven.graph.DefaultGraphBuilder]'build.plugins.plugin.version' for org.apache.maven.plugins:maven-war-plugin is missing. @ line 30, column 12
[WARN] [2016-05-06 10:22:45][org.apache.maven.graph.DefaultGraphBuilder]
[WARN] [2016-05-06 10:22:45][org.apache.maven.graph.DefaultGraphBuilder]It is highly recommended to fix these problems because they threaten the stability of your build.
[WARN] [2016-05-06 10:22:45][org.apache.maven.graph.DefaultGraphBuilder]
[WARN] [2016-05-06 10:22:45][org.apache.maven.graph.DefaultGraphBuilder]For this reason, future Maven versions might no longer support building such malformed projects.
[WARN] [2016-05-06 10:22:45][org.apache.maven.graph.DefaultGraphBuilder]
[INFO] [2016-05-06 10:22:45][org.apache.maven.cli.event.ExecutionEventLogger]                                                                        
[INFO] [2016-05-06 10:22:45][org.apache.maven.cli.event.ExecutionEventLogger]------------------------------------------------------------------------
[INFO] [2016-05-06 10:22:45][org.apache.maven.cli.event.ExecutionEventLogger]Building TestLog4J 1
[INFO] [2016-05-06 10:22:45][org.apache.maven.cli.event.ExecutionEventLogger]------------------------------------------------------------------------
[INFO] [2016-05-06 10:22:45][org.apache.maven.cli.event.ExecutionEventLogger]
[INFO] [2016-05-06 10:22:45][org.apache.maven.cli.event.ExecutionEventLogger]--- maven-resources-plugin:2.6:resources (default-resources) @ testLog4j ---
[INFO] [2016-05-06 10:22:45][org.apache.maven.shared.filtering.DefaultMavenResourcesFiltering]Using 'UTF-8' encoding to copy filtered resources.
[INFO] [2016-05-06 10:22:45][org.apache.maven.shared.filtering.DefaultMavenResourcesFiltering]Copying 3 resources
[INFO] [2016-05-06 10:22:45][org.apache.maven.cli.event.ExecutionEventLogger]
[INFO] [2016-05-06 10:22:45][org.apache.maven.cli.event.ExecutionEventLogger]--- maven-compiler-plugin:2.3.2:compile (default-compile) @ testLog4j ---
[INFO] [2016-05-06 10:22:45][org.codehaus.plexus.compiler.javac.JavacCompiler]Compiling 8 source files to D:\TestSpace\testLog4j\target\classes
[INFO] [2016-05-06 10:22:47][org.apache.maven.cli.event.ExecutionEventLogger]
[INFO] [2016-05-06 10:22:47][org.apache.maven.cli.event.ExecutionEventLogger]--- maven-resources-plugin:2.6:testResources (default-testResources) @ testLog4j ---
[INFO] [2016-05-06 10:22:47][org.apache.maven.shared.filtering.DefaultMavenResourcesFiltering]Using 'UTF-8' encoding to copy filtered resources.
[INFO] [2016-05-06 10:22:47][org.apache.maven.shared.filtering.DefaultMavenResourcesFiltering]Copying 0 resource
[INFO] [2016-05-06 10:22:47][org.apache.maven.cli.event.ExecutionEventLogger]
[INFO] [2016-05-06 10:22:47][org.apache.maven.cli.event.ExecutionEventLogger]--- maven-compiler-plugin:2.3.2:testCompile (default-testCompile) @ testLog4j ---
[INFO] [2016-05-06 10:22:47][org.apache.maven.plugin.TestCompilerMojo]Nothing to compile - all classes are up to date
[INFO] [2016-05-06 10:22:47][org.apache.maven.cli.event.ExecutionEventLogger]
[INFO] [2016-05-06 10:22:47][org.apache.maven.cli.event.ExecutionEventLogger]--- maven-surefire-plugin:2.12.4:test (default-test) @ testLog4j ---
[INFO] [2016-05-06 10:22:48][org.apache.maven.cli.event.ExecutionEventLogger]
[INFO] [2016-05-06 10:22:48][org.apache.maven.cli.event.ExecutionEventLogger]--- maven-war-plugin:2.2:war (default-war) @ testLog4j ---
[INFO] [2016-05-06 10:22:48][org.apache.maven.plugin.war.WarMojo]Packaging webapp
[INFO] [2016-05-06 10:22:48][org.apache.maven.plugin.war.WarMojo]Assembling webapp [testLog4j] in [D:\TestSpace\testLog4j\target\MyTest]
[INFO] [2016-05-06 10:22:48][org.apache.maven.plugin.war.WarMojo]Processing war project
[INFO] [2016-05-06 10:22:48][org.apache.maven.plugin.war.WarMojo]Copying webapp resources [D:\TestSpace\testLog4j\src\main\webapp]
[INFO] [2016-05-06 10:22:48][org.apache.maven.plugin.war.WarMojo]Webapp assembled in [147 msecs]
[INFO] [2016-05-06 10:22:48][org.codehaus.plexus.archiver.war.WarArchiver]Building war: D:\TestSpace\testLog4j\target\MyTest.war
[INFO] [2016-05-06 10:22:48][org.codehaus.plexus.archiver.war.WarArchiver]WEB-INF\web.xml already added, skipping
[INFO] [2016-05-06 10:22:48][org.apache.maven.cli.event.ExecutionEventLogger]
[INFO] [2016-05-06 10:22:48][org.apache.maven.cli.event.ExecutionEventLogger]--- maven-install-plugin:2.4:install (default-install) @ testLog4j ---
[INFO] [2016-05-06 10:22:49][org.codehaus.plexus.PlexusContainer]Installing D:\TestSpace\testLog4j\target\MyTest.war to D:\MavenRepository\com\lz\log4j\testLog4j\1\testLog4j-1.war
[INFO] [2016-05-06 10:22:49][org.codehaus.plexus.PlexusContainer]Installing D:\TestSpace\testLog4j\pom.xml to D:\MavenRepository\com\lz\log4j\testLog4j\1\testLog4j-1.pom
[INFO] [2016-05-06 10:22:49][org.apache.maven.cli.event.ExecutionEventLogger]------------------------------------------------------------------------
[INFO] [2016-05-06 10:22:49][org.apache.maven.cli.event.ExecutionEventLogger]BUILD SUCCESS
[INFO] [2016-05-06 10:22:49][org.apache.maven.cli.event.ExecutionEventLogger]------------------------------------------------------------------------
[INFO] [2016-05-06 10:22:49][org.apache.maven.cli.event.ExecutionEventLogger]Total time: 4.005 s
[INFO] [2016-05-06 10:22:49][org.apache.maven.cli.event.ExecutionEventLogger]Finished at: 2016-05-06T10:22:49+08:00
[INFO] [2016-05-06 10:22:49][org.apache.maven.cli.event.ExecutionEventLogger]Final Memory: 19M/312M
[INFO] [2016-05-06 10:22:49][org.apache.maven.cli.event.ExecutionEventLogger]------------------------------------------------------------------------
[WARN] [2016-05-06 11:01:27][org.apache.maven.cli.logging.impl.UnsupportedSlf4jBindingConfiguration]The SLF4J binding actually used is not supported by Maven: org.slf4j.impl.Log4jLoggerFactory
[WARN] [2016-05-06 11:01:27][org.apache.maven.cli.logging.impl.UnsupportedSlf4jBindingConfiguration]Maven supported bindings are:
[WARN] [2016-05-06 11:01:27][org.apache.maven.cli.logging.impl.UnsupportedSlf4jBindingConfiguration](from jar:file:/D:/apache-maven-3.3.9/lib/maven-embedder-3.3.9.jar!/META-INF/maven/slf4j-configuration.properties)
- ch.qos.logback.classic.LoggerContext
- org.slf4j.helpers.Log4jLoggerFactory
- org.slf4j.impl.SimpleLoggerFactory
[INFO] [2016-05-06 11:01:28][org.apache.maven.cli.event.ExecutionEventLogger]Scanning for projects...
[WARN] [2016-05-06 11:01:28][org.apache.maven.graph.DefaultGraphBuilder]
[WARN] [2016-05-06 11:01:28][org.apache.maven.graph.DefaultGraphBuilder]Some problems were encountered while building the effective model for com.lz.log4j:testLog4j:war:1
[WARN] [2016-05-06 11:01:28][org.apache.maven.graph.DefaultGraphBuilder]'build.plugins.plugin.version' for org.apache.maven.plugins:maven-war-plugin is missing. @ line 30, column 12
[WARN] [2016-05-06 11:01:28][org.apache.maven.graph.DefaultGraphBuilder]
[WARN] [2016-05-06 11:01:28][org.apache.maven.graph.DefaultGraphBuilder]It is highly recommended to fix these problems because they threaten the stability of your build.
[WARN] [2016-05-06 11:01:28][org.apache.maven.graph.DefaultGraphBuilder]
[WARN] [2016-05-06 11:01:28][org.apache.maven.graph.DefaultGraphBuilder]For this reason, future Maven versions might no longer support building such malformed projects.
[WARN] [2016-05-06 11:01:28][org.apache.maven.graph.DefaultGraphBuilder]
[INFO] [2016-05-06 11:01:28][org.apache.maven.cli.event.ExecutionEventLogger]                                                                        
[INFO] [2016-05-06 11:01:28][org.apache.maven.cli.event.ExecutionEventLogger]------------------------------------------------------------------------
[INFO] [2016-05-06 11:01:28][org.apache.maven.cli.event.ExecutionEventLogger]Building TestLog4J 1
[INFO] [2016-05-06 11:01:28][org.apache.maven.cli.event.ExecutionEventLogger]------------------------------------------------------------------------
[INFO] [2016-05-06 11:01:28][org.apache.maven.cli.event.ExecutionEventLogger]
[INFO] [2016-05-06 11:01:28][org.apache.maven.cli.event.ExecutionEventLogger]--- maven-clean-plugin:2.5:clean (default-clean) @ testLog4j ---
[INFO] [2016-05-06 11:01:29][org.apache.maven.plugin.clean.CleanMojo]Deleting D:\TestSpace\testLog4j\target
[INFO] [2016-05-06 11:01:29][org.apache.maven.cli.event.ExecutionEventLogger]------------------------------------------------------------------------
[INFO] [2016-05-06 11:01:29][org.apache.maven.cli.event.ExecutionEventLogger]BUILD SUCCESS
[INFO] [2016-05-06 11:01:29][org.apache.maven.cli.event.ExecutionEventLogger]------------------------------------------------------------------------
[INFO] [2016-05-06 11:01:29][org.apache.maven.cli.event.ExecutionEventLogger]Total time: 0.376 s
[INFO] [2016-05-06 11:01:29][org.apache.maven.cli.event.ExecutionEventLogger]Finished at: 2016-05-06T11:01:29+08:00
[INFO] [2016-05-06 11:01:29][org.apache.maven.cli.event.ExecutionEventLogger]Final Memory: 6M/245M
[INFO] [2016-05-06 11:01:29][org.apache.maven.cli.event.ExecutionEventLogger]------------------------------------------------------------------------
